ffprobe started on 2016-02-24 at 14:49:56
Report written to "ffprobe-20160224-144956.log"
Command line:
ffprobe -v debug -report -print_format json -show_format -show_streams "/Volumes/Seagate Backup Plus Drive/CORO Bat Survey 2011/SOT_2Sept11_/SOT_2Sept11_Cam5_Tape1.mov"
ffprobe version 2.8.5 Copyright (c) 2007-2016 the FFmpeg developers
  built with Apple LLVM version 7.0.2 (clang-700.1.81)
  configuration: --prefix=/usr/local/Cellar/ffmpeg/2.8.5 --enable-shared --enable-pthreads --enable-gpl --enable-version3 --enable-hardcoded-tables --enable-avresample --cc=clang --host-cflags= --host-ldflags= --enable-opencl --enable-libx264 --enable-libmp3lame --enable-libvo-aacenc --enable-libxvid --enable-vda
  libavutil      54. 31.100 / 54. 31.100
  libavcodec     56. 60.100 / 56. 60.100
  libavformat    56. 40.101 / 56. 40.101
  libavdevice    56.  4.100 / 56.  4.100
  libavfilter     5. 40.101 /  5. 40.101
  libavresample   2.  1.  0 /  2.  1.  0
  libswscale      3.  1.101 /  3.  1.101
  libswresample   1.  2.101 /  1.  2.101
  libpostproc    53.  3.100 / 53.  3.100
[mov,mp4,m4a,3gp,3g2,mj2 @ 0x7fc0cc807e00] Format mov,mp4,m4a,3gp,3g2,mj2 probed with size=2048 and score=100
[mov,mp4,m4a,3gp,3g2,mj2 @ 0x7fc0cc807e00] Before avformat_find_stream_info() pos: 24168052926 bytes read:394700 seeks:3
[dvvideo @ 0x7fc0cd800000] AC EOB marker is absent pos=89
[dvvideo @ 0x7fc0cd800000] Concealing bitstream errors
[dvvideo @ 0x7fc0cd800000] AC EOB marker is absent pos=64
[dvvideo @ 0x7fc0cd800000] Concealing bitstream errors
[dvvideo @ 0x7fc0cd800000] AC EOB marker is absent pos=64
[dvvideo @ 0x7fc0cd800000] Concealing bitstream errors
[dvvideo @ 0x7fc0cd800000] AC EOB marker is absent pos=64
[dvvideo @ 0x7fc0cd800000] Concealing bitstream errors
[dvvideo @ 0x7fc0cd800000] AC EOB marker is absent pos=64
[dvvideo @ 0x7fc0cd800000] Concealing bitstream errors
[dvvideo @ 0x7fc0cd800000] AC EOB marker is absent pos=64
[dvvideo @ 0x7fc0cd800000] Concealing bitstream errors
[dvvideo @ 0x7fc0cd800000] AC EOB marker is absent pos=64
[dvvideo @ 0x7fc0cd800000] Concealing bitstream errors
[dvvideo @ 0x7fc0cd800000] AC EOB marker is absent pos=64
[dvvideo @ 0x7fc0cd800000] Concealing bitstream errors
[dvvideo @ 0x7fc0cd800000] AC EOB marker is absent pos=64
[dvvideo @ 0x7fc0cd800000] Concealing bitstream errors
[dvvideo @ 0x7fc0cd800000] AC EOB marker is absent pos=64
[dvvideo @ 0x7fc0cd800000] Concealing bitstream errors
[dvvideo @ 0x7fc0cd800000] AC EOB marker is absent pos=64
[dvvideo @ 0x7fc0cd800000] Concealing bitstream errors
[dvvideo @ 0x7fc0cd800000] AC EOB marker is absent pos=64
[dvvideo @ 0x7fc0cd800000] Concealing bitstream errors
[dvvideo @ 0x7fc0cd800000] AC EOB marker is absent pos=64
[dvvideo @ 0x7fc0cd800000] Concealing bitstream errors
[dvvideo @ 0x7fc0cd800000] AC EOB marker is absent pos=64
[dvvideo @ 0x7fc0cd800000] Concealing bitstream errors
[dvvideo @ 0x7fc0cd800000] AC EOB marker is absent pos=64
[dvvideo @ 0x7fc0cd800000] Concealing bitstream errors
[dvvideo @ 0x7fc0cd800000] AC EOB marker is absent pos=64
[dvvideo @ 0x7fc0cd800000] Concealing bitstream errors
[dvvideo @ 0x7fc0cd800000] AC EOB marker is absent pos=64
[dvvideo @ 0x7fc0cd800000] Concealing bitstream errors
[dvvideo @ 0x7fc0cd800000] AC EOB marker is absent pos=64
[dvvideo @ 0x7fc0cd800000] Concealing bitstream errors
[dvvideo @ 0x7fc0cd800000] AC EOB marker is absent pos=64
[dvvideo @ 0x7fc0cd800000] Concealing bitstream errors
[dvvideo @ 0x7fc0cd800000] AC EOB marker is absent pos=64
[dvvideo @ 0x7fc0cd800000] Concealing bitstream errors
[dvvideo @ 0x7fc0cd800000] AC EOB marker is absent pos=64
[dvvideo @ 0x7fc0cd800000] Concealing bitstream errors
[dvvideo @ 0x7fc0cd800000] AC EOB marker is absent pos=64
[dvvideo @ 0x7fc0cd800000] Concealing bitstream errors
[dvvideo @ 0x7fc0cd800000] AC EOB marker is absent pos=64
[dvvideo @ 0x7fc0cd800000] Concealing bitstream errors
[dvvideo @ 0x7fc0cd800000] AC EOB marker is absent pos=64
[dvvideo @ 0x7fc0cd800000] Concealing bitstream errors
[dvvideo @ 0x7fc0cd800000] AC EOB marker is absent pos=64
[dvvideo @ 0x7fc0cd800000] Concealing bitstream errors
[mov,mp4,m4a,3gp,3g2,mj2 @ 0x7fc0cc807e00] All info found
[mov,mp4,m4a,3gp,3g2,mj2 @ 0x7fc0cc807e00] After avformat_find_stream_info() pos: 124096 bytes read:514700 seeks:4 frames:1
Input #0, mov,mp4,m4a,3gp,3g2,mj2, from '/Volumes/Seagate Backup Plus Drive/CORO Bat Survey 2011/SOT_2Sept11_/SOT_2Sept11_Cam5_Tape1.mov':
  Metadata:
    creation_time   : 2011-09-07 19:21:12
  Duration: 01:51:59.49, start: 0.809810, bitrate: 28773 kb/s
    Stream #0:0(eng), 1, 1/2997: Video: dvvideo, 1 reference frame (dvc  / 0x20637664), yuv411p(bt470bg/smpte240m/bt709, topleft), 720x480 [SAR 8:9 DAR 4:3], 1001/30000, 28767 kb/s, SAR 10:11 DAR 15:11, 29.97 fps, 29.97 tbr, 2997 tbn, 29.97 tbc (default)
    Metadata:
      creation_time   : 2011-09-07 21:13:17
      handler_name    : Apple Alias Data Handler
      encoder         : DV/DVCPRO - NTSC
detected 4 logical cores
[AVIOContext @ 0x7fc0cbe006a0] Statistics: 514700 bytes read, 4 seeks
