ffprobe started on 2016-02-24 at 14:49:47
Report written to "ffprobe-20160224-144947.log"
Command line:
ffprobe -v debug -report -print_format json -show_format -show_streams "/Volumes/Seagate Backup Plus Drive/CORO Bat Survey 2011/SOT_20Aug11/SOT_20Aug11_Cam6_Tape4.mov"
ffprobe version 2.8.5 Copyright (c) 2007-2016 the FFmpeg developers
  built with Apple LLVM version 7.0.2 (clang-700.1.81)
  configuration: --prefix=/usr/local/Cellar/ffmpeg/2.8.5 --enable-shared --enable-pthreads --enable-gpl --enable-version3 --enable-hardcoded-tables --enable-avresample --cc=clang --host-cflags= --host-ldflags= --enable-opencl --enable-libx264 --enable-libmp3lame --enable-libvo-aacenc --enable-libxvid --enable-vda
  libavutil      54. 31.100 / 54. 31.100
  libavcodec     56. 60.100 / 56. 60.100
  libavformat    56. 40.101 / 56. 40.101
  libavdevice    56.  4.100 / 56.  4.100
  libavfilter     5. 40.101 /  5. 40.101
  libavresample   2.  1.  0 /  2.  1.  0
  libswscale      3.  1.101 /  3.  1.101
  libswresample   1.  2.101 /  1.  2.101
  libpostproc    53.  3.100 / 53.  3.100
[mov,mp4,m4a,3gp,3g2,mj2 @ 0x7fd6db006a00] Format mov,mp4,m4a,3gp,3g2,mj2 probed with size=2048 and score=100
[mov,mp4,m4a,3gp,3g2,mj2 @ 0x7fd6db006a00] Before avformat_find_stream_info() pos: 25464100458 bytes read:410544 seeks:3
[dvvideo @ 0x7fd6da000000] AC EOB marker is absent pos=69
[dvvideo @ 0x7fd6da000000] Concealing bitstream errors
[dvvideo @ 0x7fd6da000000] AC EOB marker is absent pos=64
[dvvideo @ 0x7fd6da000000] Concealing bitstream errors
[dvvideo @ 0x7fd6da000000] AC EOB marker is absent pos=64
[dvvideo @ 0x7fd6da000000] Concealing bitstream errors
[dvvideo @ 0x7fd6da000000] AC EOB marker is absent pos=64
[dvvideo @ 0x7fd6da000000] Concealing bitstream errors
[dvvideo @ 0x7fd6da000000] AC EOB marker is absent pos=64
[dvvideo @ 0x7fd6da000000] Concealing bitstream errors
[dvvideo @ 0x7fd6da000000] AC EOB marker is absent pos=64
[dvvideo @ 0x7fd6da000000] Concealing bitstream errors
[dvvideo @ 0x7fd6da000000] AC EOB marker is absent pos=64
[dvvideo @ 0x7fd6da000000] Concealing bitstream errors
[dvvideo @ 0x7fd6da000000] AC EOB marker is absent pos=64
[dvvideo @ 0x7fd6da000000] Concealing bitstream errors
[dvvideo @ 0x7fd6da000000] AC EOB marker is absent pos=64
[dvvideo @ 0x7fd6da000000] Concealing bitstream errors
[dvvideo @ 0x7fd6da000000] AC EOB marker is absent pos=64
[dvvideo @ 0x7fd6da000000] Concealing bitstream errors
[dvvideo @ 0x7fd6da000000] AC EOB marker is absent pos=64
[dvvideo @ 0x7fd6da000000] Concealing bitstream errors
[dvvideo @ 0x7fd6da000000] AC EOB marker is absent pos=64
[dvvideo @ 0x7fd6da000000] Concealing bitstream errors
[dvvideo @ 0x7fd6da000000] AC EOB marker is absent pos=64
[dvvideo @ 0x7fd6da000000] Concealing bitstream errors
[dvvideo @ 0x7fd6da000000] AC EOB marker is absent pos=64
[dvvideo @ 0x7fd6da000000] Concealing bitstream errors
[dvvideo @ 0x7fd6da000000] AC EOB marker is absent pos=64
[dvvideo @ 0x7fd6da000000] Concealing bitstream errors
[dvvideo @ 0x7fd6da000000] AC EOB marker is absent pos=64
[dvvideo @ 0x7fd6da000000] Concealing bitstream errors
[dvvideo @ 0x7fd6da000000] AC EOB marker is absent pos=64
[dvvideo @ 0x7fd6da000000] Concealing bitstream errors
[dvvideo @ 0x7fd6da000000] AC EOB marker is absent pos=64
[dvvideo @ 0x7fd6da000000] Concealing bitstream errors
[dvvideo @ 0x7fd6da000000] AC EOB marker is absent pos=64
[dvvideo @ 0x7fd6da000000] Concealing bitstream errors
[dvvideo @ 0x7fd6da000000] AC EOB marker is absent pos=64
[dvvideo @ 0x7fd6da000000] Concealing bitstream errors
[dvvideo @ 0x7fd6da000000] AC EOB marker is absent pos=64
[dvvideo @ 0x7fd6da000000] Concealing bitstream errors
[dvvideo @ 0x7fd6da000000] AC EOB marker is absent pos=64
[dvvideo @ 0x7fd6da000000] Concealing bitstream errors
[dvvideo @ 0x7fd6da000000] AC EOB marker is absent pos=64
[dvvideo @ 0x7fd6da000000] Concealing bitstream errors
[dvvideo @ 0x7fd6da000000] AC EOB marker is absent pos=64
[dvvideo @ 0x7fd6da000000] Concealing bitstream errors
[dvvideo @ 0x7fd6da000000] AC EOB marker is absent pos=64
[dvvideo @ 0x7fd6da000000] Concealing bitstream errors
[mov,mp4,m4a,3gp,3g2,mj2 @ 0x7fd6db006a00] All info found
[mov,mp4,m4a,3gp,3g2,mj2 @ 0x7fd6db006a00] After avformat_find_stream_info() pos: 124096 bytes read:530544 seeks:4 frames:1
Input #0, mov,mp4,m4a,3gp,3g2,mj2, from '/Volumes/Seagate Backup Plus Drive/CORO Bat Survey 2011/SOT_20Aug11/SOT_20Aug11_Cam6_Tape4.mov':
  Metadata:
    creation_time   : 2011-08-24 21:18:46
  Duration: 01:57:59.71, start: 0.138805, bitrate: 28774 kb/s
    Stream #0:0(eng), 1, 1/2997: Video: dvvideo, 1 reference frame (dvc  / 0x20637664), yuv411p(bt470bg/smpte240m/bt709, topleft), 720x480 [SAR 8:9 DAR 4:3], 1001/30000, 28770 kb/s, SAR 10:11 DAR 15:11, 29.97 fps, 29.97 tbr, 2997 tbn, 29.97 tbc (default)
    Metadata:
      creation_time   : 2011-08-24 23:16:50
      handler_name    : Apple Alias Data Handler
      encoder         : DV/DVCPRO - NTSC
detected 4 logical cores
[AVIOContext @ 0x7fd6d9402580] Statistics: 530544 bytes read, 4 seeks
